2014-06-14 15:14:17
增加病人基本信息完成:Patientid1107210001,gid=AE1F2719-88AD-48C4-BD34-ABC6524DD8F2

2014-06-14 15:14:17
增加申请单完成:申请单号1107210001008,gid=50642E7E-E692-43CE-BD27-9DA635DF366B

2014-06-14 15:14:17
增加申请单详细项目完成:申请单号1107210001008,详细项目编号:9001,gid=19584AFA-C584-4F42-9518-66D6662F89C2

2014-06-14 15:14:17
增加申请单完成:申请单号1107210001009,gid=3C28951E-F8DC-4D01-97A1-70F028825969

2014-06-14 15:14:17
增加申请单详细项目完成:申请单号1107210001009,详细项目编号:9002,gid=6477BE4A-75DD-4EFA-AC53-51D6F7C0D4F0

2014-06-14 15:16:14
增加病人基本信息完成:Patientid1107210001,gid=AE1F2719-88AD-48C4-BD34-ABC6524DD8F2

2014-06-14 15:16:14
增加申请单完成:申请单号1107210001008,gid=50642E7E-E692-43CE-BD27-9DA635DF366B

2014-06-14 15:16:14
增加申请单详细项目完成:申请单号1107210001008,详细项目编号:9001,gid=19584AFA-C584-4F42-9518-66D6662F89C2

2014-06-14 15:16:14
增加申请单完成:申请单号1107210001009,gid=3C28951E-F8DC-4D01-97A1-70F028825969

2014-06-14 15:16:14
增加申请单详细项目完成:申请单号1107210001009,详细项目编号:9002,gid=6477BE4A-75DD-4EFA-AC53-51D6F7C0D4F0

2014-06-14 15:28:35
增加病人基本信息完成:Patientid1107210001,gid=AE1F2719-88AD-48C4-BD34-ABC6524DD8F2

2014-06-14 15:28:35
增加申请单完成:申请单号1107210001008,gid=50642E7E-E692-43CE-BD27-9DA635DF366B

2014-06-14 15:28:35
增加申请单详细项目完成:申请单号1107210001008,详细项目编号:9001,gid=19584AFA-C584-4F42-9518-66D6662F89C2

2014-06-14 15:30:28
增加病人基本信息完成:Patientid1107210001,gid=AE1F2719-88AD-48C4-BD34-ABC6524DD8F2

2014-06-14 15:30:28
增加申请单完成:申请单号1107210001008,gid=50642E7E-E692-43CE-BD27-9DA635DF366B

2014-06-14 15:30:28
增加申请单详细项目完成:申请单号1107210001008,详细项目编号:7542,gid=B67C5D31-B265-42E6-96E4-5D1E5B0E9B1A

2014-06-14 15:44:09
增加病人基本信息完成:Patientid1107210002,gid=14C82E46-5B5E-4278-B6B4-66D920AE0B6B

2014-06-14 15:44:09
增加申请单完成:申请单号1107210001001,gid=CEB05712-94AF-45C1-A14B-32DD8110B4D7

2014-06-14 15:44:09
增加申请单详细项目完成:申请单号1107210001001,详细项目编号:7550,gid=01FE4C1F-C3B5-44D1-AA93-3EE81C4752EA

2014-06-14 17:05:50
增加病人基本信息完成:Patientid1107210002,gid=14C82E46-5B5E-4278-B6B4-66D920AE0B6B

2014-06-14 17:06:15
增加病人基本信息完成:Patientid1107210002,gid=14C82E46-5B5E-4278-B6B4-66D920AE0B6B

2014-06-14 17:06:15
增加申请单完成:申请单号1107210001001,gid=CEB05712-94AF-45C1-A14B-32DD8110B4D7

2014-06-14 17:06:15
增加申请单详细项目完成:申请单号1107210001001,详细项目编号:7550,gid=

2014-06-14 17:06:30
增加病人基本信息完成:Patientid1107210001,gid=AE1F2719-88AD-48C4-BD34-ABC6524DD8F2

2014-06-14 17:06:30
增加申请单完成:申请单号1107210001009,gid=3C28951E-F8DC-4D01-97A1-70F028825969

2014-06-14 17:06:30
增加申请单详细项目完成:申请单号1107210001009,详细项目编号:7543,gid=CCE34B2C-7799-4CF3-9EB3-8C52F7815070

